<?xml version="1.0" encoding="UTF-8"?>
<!-- Generated by org.testng.reporters.JUnitReportReporter -->
<testsuite hostname="DESKTOP-OHH6G2R" failures="0" tests="6" name="testCase.TC01" time="202.421" errors="0" timestamp="2023-04-12T15:44:11 IST" skipped="0">
  <testcase classname="testCase.TC01" name="verifyCookiesHandle" time="55.332"/>
  <system-out/>
  <testcase classname="testCase.TC01" name="verifyMouseHover" time="22.683"/>
  <system-out/>
  <testcase classname="testCase.TC01" name="verifyLoginWithValidCredential" time="34.377"/>
  <system-out/>
  <testcase classname="testCase.TC01" name="verifyScrollDown" time="32.124"/>
  <system-out/>
  <testcase classname="testCase.TC01" name="verifyGetWindowHandle" time="36.959"/>
  <system-out/>
  <testcase classname="testCase.TC01" name="verifyScrollUp" time="20.946"/>
  <system-out/>
</testsuite> <!-- testCase.TC01 -->
